<?xml version="1.0" encoding="UTF-8"?>
<testsuite xmlns:xsi="http://www.w3.org/2001/XMLSchema-instance" xsi:noNamespaceSchemaLocation="https://maven.apache.org/surefire/maven-surefire-plugin/xsd/surefire-test-report-3.0.xsd" version="3.0" name="SingletonPatternTest" time="0.049" tests="10" errors="0" skipped="0" failures="0">
  <properties>
[...]
</properties>
  <testcase name="getSingleInstance(RepetitionInfo)[1]" classname="SingletonPatternTest" time="0.017"/>
  <testcase name="getSingleInstance(RepetitionInfo)[2]" classname="SingletonPatternTest" time="0.001"/>
  <testcase name="getSingleInstance(RepetitionInfo)[3]" classname="SingletonPatternTest" time="0.001"/>
  <testcase name="getSingleInstance(RepetitionInfo)[4]" classname="SingletonPatternTest" time="0.001"/>
  <testcase name="getSingleInstance(RepetitionInfo)[5]" classname="SingletonPatternTest" time="0.001"/>
  <testcase name="getSingleInstance(RepetitionInfo)[6]" classname="SingletonPatternTest" time="0.001"/>
  <testcase name="getSingleInstance(RepetitionInfo)[7]" classname="SingletonPatternTest" time="0.001"/>
  <testcase name="getSingleInstance(RepetitionInfo)[8]" classname="SingletonPatternTest" time="0.001"/>
  <testcase name="getSingleInstance(RepetitionInfo)[9]" classname="SingletonPatternTest" time="0.001"/>
  <testcase name="getSingleInstance(RepetitionInfo)[10]" classname="SingletonPatternTest" time="0.001"/>
</testsuite>